# JRE version: OpenJDK Runtime Environment (11.0+28) (build 11+28)
# Java VM: OpenJDK 64-Bit Server VM (11+28, mixed mode, tiered, compressed oops, g1 gc, windows-amd64)
Heap:
 garbage-first heap   total 189440K, used 84228K [0x0000000080200000, 0x0000000100000000)
  region size 1024K, 55 young (56320K), 7 survivors (7168K)
 Metaspace       used 79170K, capacity 81757K, committed 81996K, reserved 1120256K
  class space    used 9475K, capacity 10533K, committed 10624K, reserved 1048576K
GC Heap History (10 events):
Event: 3083.720 GC heap before
{Heap before GC invocations=23 (full 0):
 garbage-first heap   total 189440K, used 143630K [0x0000000080200000, 0x0000000100000000)
  region size 1024K, 111 young (113664K), 7 survivors (7168K)
 Metaspace       used 76783K, capacity 79253K, committed 79308K, reserved 1118208K
  class space    used 9215K, capacity 10232K, committed 10240K, reserved 1048576K
}
Event: 3083.732 GC heap after
{Heap after GC invocations=24 (full 0):
 garbage-first heap   total 189440K, used 37125K [0x0000000080200000, 0x0000000100000000)
  region size 1024K, 7 young (7168K), 7 survivors (7168K)
 Metaspace       used 76783K, capacity 79253K, committed 79308K, reserved 1118208K
  class space    used 9215K, capacity 10232K, committed 10240K, reserved 1048576K
}
Event: 3629.583 GC heap before
{Heap before GC invocations=24 (full 0):
 garbage-first heap   total 189440K, used 143621K [0x0000000080200000, 0x0000000100000000)
  region size 1024K, 111 young (113664K), 7 survivors (7168K)
 Metaspace       used 76864K, capacity 79385K, committed 79564K, reserved 1118208K
  class space    used 9215K, capacity 10232K, committed 10240K, reserved 1048576K
}
Event: 3629.593 GC heap after
{Heap after GC invocations=25 (full 0):
 garbage-first heap   total 189440K, used 37130K [0x0000000080200000, 0x0000000100000000)
  region size 1024K, 7 young (7168K), 7 survivors (7168K)
 Metaspace       used 76864K, capacity 79385K, committed 79564K, reserved 1118208K
  class space    used 9215K, capacity 10232K, committed 10240K, reserved 1048576K
}
Event: 4563.577 GC heap before
{Heap before GC invocations=25 (full 0):
 garbage-first heap   total 189440K, used 143626K [0x0000000080200000, 0x0000000100000000)
  region size 1024K, 111 young (113664K), 7 survivors (7168K)
 Metaspace       used 77015K, capacity 79516K, committed 79564K, reserved 1118208K
  class space    used 9215K, capacity 10232K, committed 10240K, reserved 1048576K
}
Event: 4563.591 GC heap after
{Heap after GC invocations=26 (full 0):
 garbage-first heap   total 189440K, used 36827K [0x0000000080200000, 0x0000000100000000)
  region size 1024K, 7 young (7168K), 7 survivors (7168K)
 Metaspace       used 77015K, capacity 79516K, committed 79564K, reserved 1118208K
  class space    used 9215K, capacity 10232K, committed 10240K, reserved 1048576K
}
Event: 5186.192 GC heap before
{Heap before GC invocations=26 (full 0):
 garbage-first heap   total 189440K, used 143323K [0x0000000080200000, 0x0000000100000000)
  region size 1024K, 111 young (113664K), 7 survivors (7168K)
 Metaspace       used 77055K, capacity 79582K, committed 79820K, reserved 1118208K
  class space    used 9215K, capacity 10232K, committed 10240K, reserved 1048576K
}
Event: 5186.201 GC heap after
{Heap after GC invocations=27 (full 0):
 garbage-first heap   total 189440K, used 37131K [0x0000000080200000, 0x0000000100000000)
  region size 1024K, 7 young (7168K), 7 survivors (7168K)
 Metaspace       used 77055K, capacity 79582K, committed 79820K, reserved 1118208K
  class space    used 9215K, capacity 10232K, committed 10240K, reserved 1048576K
}
Event: 5487.192 GC heap before
{Heap before GC invocations=27 (full 0):
 garbage-first heap   total 189440K, used 143627K [0x0000000080200000, 0x0000000100000000)
  region size 1024K, 111 young (113664K), 7 survivors (7168K)
 Metaspace       used 77094K, capacity 79594K, committed 79820K, reserved 1118208K
  class space    used 9216K, capacity 10234K, committed 10240K, reserved 1048576K
}
Event: 5487.201 GC heap after
{Heap after GC invocations=28 (full 0):
 garbage-first heap   total 189440K, used 37124K [0x0000000080200000, 0x0000000100000000)
  region size 1024K, 7 young (7168K), 7 survivors (7168K)
 Metaspace       used 77094K, capacity 79594K, committed 79820K, reserved 1118208K
  class space    used 9216K, capacity 10234K, committed 10240K, reserved 1048576K
}

